<?xml version="1.0" encoding="UTF-8"?>
<testng-results ignored="0" total="2" passed="2" failed="0" skipped="0">
  <reporter-output>
  </reporter-output>
  <suite started-at="2024-03-06T13:23:51 EST" name="Suite" finished-at="2024-03-06T13:24:28 EST" duration-ms="37179">
    <groups>
      <group name="cucumber">
        <method signature="AbstractTestNGCucumberTests.runScenario(io.cucumber.testng.PickleWrapper,io.cucumber.testng.FeatureWrapper)[pri:0, instance:cucumbergoogle.RunnerFileForGmail@77888435]" name="runScenario" class="io.cucumber.testng.AbstractTestNGCucumberTests"/>
      </group> <!-- cucumber -->
    </groups>
    <test started-at="2024-03-06T13:23:51 EST" name="Test" finished-at="2024-03-06T13:24:28 EST" duration-ms="37179">
      <class name="cucumbergoogle.RunnerFileForGmail">
        <test-method is-config="true" signature="setUpClass(org.testng.ITestContext)[pri:0, instance:cucumbergoogle.RunnerFileForGmail@77888435]" started-at="2024-03-06T13:23:51 EST" name="setUpClass" finished-at="2024-03-06T13:23:51 EST" duration-ms="361" status="PASS">
          <params>
            <param index="0">
              <value>
                <![CDATA[org.testng.TestRunner@42b28ff1]]>
              </value>
            </param>
          </params>
          <reporter-output>
          </reporter-output>
        </test-method> <!-- setUpClass -->
        <test-method signature="runScenario(io.cucumber.testng.PickleWrapper,io.cucumber.testng.FeatureWrapper)[pri:0, instance:cucumbergoogle.RunnerFileForGmail@77888435]" started-at="2024-03-06T13:23:51 EST" name="runScenario" description="Runs Cucumber Scenarios" data-provider="scenarios" finished-at="2024-03-06T13:24:11 EST" duration-ms="19271" status="PASS">
          <params>
            <param index="0">
              <value>
                <![CDATA["Gmail Login module"]]>
              </value>
            </param>
            <param index="1">
              <value>
                <![CDATA["User Credential"]]>
              </value>
            </param>
          </params>
          <reporter-output>
          </reporter-output>
        </test-method> <!-- runScenario -->
        <test-method signature="runScenario(io.cucumber.testng.PickleWrapper,io.cucumber.testng.FeatureWrapper)[pri:0, instance:cucumbergoogle.RunnerFileForGmail@77888435]" started-at="2024-03-06T13:24:11 EST" name="runScenario" description="Runs Cucumber Scenarios" data-provider="scenarios" finished-at="2024-03-06T13:24:28 EST" duration-ms="17427" status="PASS">
          <params>
            <param index="0">
              <value>
                <![CDATA["Gmail Login module"]]>
              </value>
            </param>
            <param index="1">
              <value>
                <![CDATA["User Credential"]]>
              </value>
            </param>
          </params>
          <reporter-output>
          </reporter-output>
        </test-method> <!-- runScenario -->
        <test-method is-config="true" signature="tearDownClass()[pri:0, instance:cucumbergoogle.RunnerFileForGmail@77888435]" started-at="2024-03-06T13:24:28 EST" name="tearDownClass" finished-at="2024-03-06T13:24:28 EST" duration-ms="25" status="PASS">
          <reporter-output>
          </reporter-output>
        </test-method> <!-- tearDownClass -->
      </class> <!-- cucumbergoogle.RunnerFileForGmail -->
    </test> <!-- Test -->
  </suite> <!-- Suite -->
</testng-results>
